  stdafx.cpp
  esShader.cpp
  esUtil.cpp
  esUtil_win.cpp
  Math.cpp
C:\Users\me\Desktop\projects\big-thing\HoTienDung\Utilities\esUtil.cpp(205,2): error C2664: 'void OutputDebugStringW(LPCWSTR)': cannot convert argument 1 from 'char [2048]' to 'LPCWSTR'
  (compiling source file '/esUtil.cpp')
      C:\Users\me\Desktop\projects\big-thing\HoTienDung\Utilities\esUtil.cpp(205,20):
      Types pointed to are unrelated; conversion requires reinterpret_cast, C-style cast or parenthesized function-style cast
      C:\Program Files (x86)\Windows Kits\10\Include\10.0.26100.0\um\debugapi.h(61,1):
      see declaration of 'OutputDebugStringW'
      C:\Users\me\Desktop\projects\big-thing\HoTienDung\Utilities\esUtil.cpp(205,2):
      while trying to match the argument list '(char [2048])'
  
C:\Users\me\Desktop\projects\big-thing\HoTienDung\Utilities\esUtil_win.cpp(109,29): error C2440: '=': cannot convert from 'const char [12]' to 'LPCWSTR'
  (compiling source file '/esUtil_win.cpp')
      C:\Users\me\Desktop\projects\big-thing\HoTienDung\Utilities\esUtil_win.cpp(109,29):
      Types pointed to are unrelated; conversion requires reinterpret_cast, C-style cast or parenthesized function-style cast
  
C:\Users\me\Desktop\projects\big-thing\HoTienDung\Utilities\esUtil_win.cpp(125,22): error C2664: 'HWND CreateWindowExW(DWORD,LPCWSTR,LPCWSTR,DWORD,int,int,int,int,HWND,HMENU,HINSTANCE,LPVOID)': cannot convert argument 2 from 'const char [12]' to 'LPCWSTR'
  (compiling source file '/esUtil_win.cpp')
      C:\Users\me\Desktop\projects\big-thing\HoTienDung\Utilities\esUtil_win.cpp(125,22):
      Types pointed to are unrelated; conversion requires reinterpret_cast, C-style cast or parenthesized function-style cast
      C:\Program Files (x86)\Windows Kits\10\Include\10.0.26100.0\um\winuser.h(4439,1):
      see declaration of 'CreateWindowExW'
      C:\Users\me\Desktop\projects\big-thing\HoTienDung\Utilities\esUtil_win.cpp(125,22):
      while trying to match the argument list '(long, const char [12], const char *, DWORD, int, int, LONG, LONG, int, int, HINSTANCE, int)'
  
C:\Users\me\Desktop\projects\big-thing\HoTienDung\Utilities\Math.cpp(10,13): warning C4244: 'return': conversion from 'double' to 'GLfloat', possible loss of data
  (compiling source file '/Math.cpp')
  
C:\Users\me\Desktop\projects\big-thing\HoTienDung\Utilities\Math.cpp(104,13): warning C4244: 'return': conversion from 'double' to 'GLfloat', possible loss of data
  (compiling source file '/Math.cpp')
  
C:\Users\me\Desktop\projects\big-thing\HoTienDung\Utilities\Math.cpp(208,13): warning C4244: 'return': conversion from 'double' to 'GLfloat', possible loss of data
  (compiling source file '/Math.cpp')
  
  MemoryManager.cpp
  MemoryOperators.cpp
  TGA.cpp
