C:\Program Files\Microsoft Visual Studio\2022\Community\MSBuild\Microsoft\VC\v170\Microsoft.CppBuild.targets(523,5): warning MSB8004: Intermediate Directory does not end with a trailing slash.  This build instance will add the slash as it is required to allow proper evaluation of the Intermediate Directory.
C:\Program Files\Microsoft Visual Studio\2022\Community\MSBuild\Microsoft\VC\v170\Microsoft.CppBuild.targets(524,5): warning MSB8004: Output Directory does not end with a trailing slash.  This build instance will add the slash as it is required to allow proper evaluation of the Output Directory.
  GSPlay.cpp
C:\Users\GLSchool01\HoTienDung\NewTrainingFramework\src\GameState\GSPlay.cpp(72,30): warning C4244: 'argument': conversion from 'float' to 'GLint', possible loss of data
C:\Users\GLSchool01\HoTienDung\NewTrainingFramework\src\GameState\GSPlay.cpp(72,23): warning C4244: 'argument': conversion from 'float' to 'GLint', possible loss of data
C:\Users\GLSchool01\HoTienDung\NewTrainingFramework\src\GameState\GSPlay.cpp(266,63): warning C4244: '=': conversion from 'GLint' to 'float', possible loss of data
C:\Users\GLSchool01\HoTienDung\NewTrainingFramework\src\GameState\GSPlay.cpp(267,63): warning C4244: '=': conversion from 'GLint' to 'float', possible loss of data
C:\Program Files\Microsoft Visual Studio\2022\Community\VC\Tools\MSVC\14.44.35207\include\xutility(476,82): warning C4244: 'argument': conversion from '_Ty' to 'float', possible loss of data
C:\Program Files\Microsoft Visual Studio\2022\Community\VC\Tools\MSVC\14.44.35207\include\xutility(476,82): warning C4244:         with
C:\Program Files\Microsoft Visual Studio\2022\Community\VC\Tools\MSVC\14.44.35207\include\xutility(476,82): warning C4244:         [
C:\Program Files\Microsoft Visual Studio\2022\Community\VC\Tools\MSVC\14.44.35207\include\xutility(476,82): warning C4244:             _Ty=int
C:\Program Files\Microsoft Visual Studio\2022\Community\VC\Tools\MSVC\14.44.35207\include\xutility(476,82): warning C4244:         ]
  (compiling source file 'src/GameState/GSPlay.cpp')
      C:\Program Files\Microsoft Visual Studio\2022\Community\VC\Tools\MSVC\14.44.35207\include\xutility(476,82):
      the template instantiation context (the oldest one first) is
          C:\Users\GLSchool01\HoTienDung\NewTrainingFramework\src\GameState\GSPlay.cpp(54,25):
          see reference to function template instantiation 'std::shared_ptr<HealthBar> std::make_shared<HealthBar,int,int>(int &&,int &&)' being compiled
          C:\Program Files\Microsoft Visual Studio\2022\Community\VC\Tools\MSVC\14.44.35207\include\memory(2913,46):
          see reference to function template instantiation 'std::_Ref_count_obj2<_Ty>::_Ref_count_obj2<int,int>(int &&,int &&)' being compiled
          with
          [
              _Ty=HealthBar
          ]
          C:\Program Files\Microsoft Visual Studio\2022\Community\VC\Tools\MSVC\14.44.35207\include\memory(2100,18):
          see reference to function template instantiation 'void std::_Construct_in_place<_Ty,int,int>(_Ty &,int &&,int &&) noexcept(false)' being compiled
          with
          [
              _Ty=HealthBar
          ]
  
LINK : warning LNK4075: ignoring '/INCREMENTAL' due to '/LTCG' specification
CrHero.obj : warning LNK4075: ignoring '/EDITANDCONTINUE' due to '/SAFESEH' specification
  Generating code
  Previous IPDB and IOBJ mismatch, fall back to full compilation.
  All 47 functions were compiled because no usable IPDB/IOBJ from previous compilation was found.
  Finished generating code
  NewTrainingFramework.vcxproj -> C:\Users\GLSchool01\HoTienDung\BIN\NewTrainingFramework.exe
