c:\users\me\desktop\projects\big-thing\hotiendung\newtrainingframework\release\newtrainingframework.res
c:\users\me\desktop\projects\big-thing\hotiendung\newtrainingframework\release\animation.obj
c:\users\me\desktop\projects\big-thing\hotiendung\newtrainingframework\release\belongings.obj
c:\users\me\desktop\projects\big-thing\hotiendung\newtrainingframework\release\camera.obj
c:\users\me\desktop\projects\big-thing\hotiendung\newtrainingframework\release\creature.obj
c:\users\me\desktop\projects\big-thing\hotiendung\newtrainingframework\release\gamebutton.obj
c:\users\me\desktop\projects\big-thing\hotiendung\newtrainingframework\release\gamestatebase.obj
c:\users\me\desktop\projects\big-thing\hotiendung\newtrainingframework\release\gamestatemachine.obj
c:\users\me\desktop\projects\big-thing\hotiendung\newtrainingframework\release\gsdebug.obj
c:\users\me\desktop\projects\big-thing\hotiendung\newtrainingframework\release\gsgame.obj
c:\users\me\desktop\projects\big-thing\hotiendung\newtrainingframework\release\gsintro.obj
c:\users\me\desktop\projects\big-thing\hotiendung\newtrainingframework\release\gsmenu.obj
c:\users\me\desktop\projects\big-thing\hotiendung\newtrainingframework\release\gspause.obj
c:\users\me\desktop\projects\big-thing\hotiendung\newtrainingframework\release\gsplay.obj
c:\users\me\desktop\projects\big-thing\hotiendung\newtrainingframework\release\gun.obj
c:\users\me\desktop\projects\big-thing\hotiendung\newtrainingframework\release\hero.obj
c:\users\me\desktop\projects\big-thing\hotiendung\newtrainingframework\release\model.obj
c:\users\me\desktop\projects\big-thing\hotiendung\newtrainingframework\release\newtrainingframework.obj
c:\users\me\desktop\projects\big-thing\hotiendung\newtrainingframework\release\object.obj
c:\users\me\desktop\projects\big-thing\hotiendung\newtrainingframework\release\projectile.obj
c:\users\me\desktop\projects\big-thing\hotiendung\newtrainingframework\release\resourcemanager.obj
c:\users\me\desktop\projects\big-thing\hotiendung\newtrainingframework\release\scenemanager.obj
c:\users\me\desktop\projects\big-thing\hotiendung\newtrainingframework\release\shaders.obj
c:\users\me\desktop\projects\big-thing\hotiendung\newtrainingframework\release\soundmanager.obj
c:\users\me\desktop\projects\big-thing\hotiendung\newtrainingframework\release\textrenderer.obj
c:\users\me\desktop\projects\big-thing\hotiendung\newtrainingframework\release\texture.obj
c:\users\me\desktop\projects\big-thing\hotiendung\newtrainingframework\release\vc143.pdb
c:\users\me\desktop\projects\big-thing\hotiendung\bin\newtrainingframework.pdb
c:\users\me\desktop\projects\big-thing\hotiendung\newtrainingframework\release\newtrain.fc024ec8.tlog\cl.command.1.tlog
c:\users\me\desktop\projects\big-thing\hotiendung\newtrainingframework\release\newtrain.fc024ec8.tlog\link.command.1.tlog
c:\users\me\desktop\projects\big-thing\hotiendung\newtrainingframework\release\newtrain.fc024ec8.tlog\link.read.1.tlog
c:\users\me\desktop\projects\big-thing\hotiendung\newtrainingframework\release\newtrain.fc024ec8.tlog\link.write.1.tlog
c:\users\me\desktop\projects\big-thing\hotiendung\newtrainingframework\release\newtrain.fc024ec8.tlog\rc.command.1.tlog
c:\users\me\desktop\projects\big-thing\hotiendung\newtrainingframework\release\newtrain.fc024ec8.tlog\rc.read.1.tlog
c:\users\me\desktop\projects\big-thing\hotiendung\newtrainingframework\release\newtrain.fc024ec8.tlog\rc.write.1.tlog
